<?xml version="1.0" encoding="UTF-8"?>
<!-- Generated by org.testng.reporters.JUnitReportReporter -->
<testsuite hostname="DESKTOP-MHU0B0P" failures="0" tests="1" name="com.testCases.PersonalDetails_TC" time="10.349" errors="0" timestamp="2023-11-27T13:58:34 IST" skipped="0">
  <testcase classname="com.testCases.PersonalDetails_TC" name="PersonalDetailsTest" time="10.349"/>
</testsuite> <!-- com.testCases.PersonalDetails_TC -->
