<?xml version="1.0" encoding="UTF-8"?>
<!-- Generated by org.testng.reporters.JUnitReportReporter -->
<testsuite hostname="DESKTOP-MHU0B0P" failures="0" tests="1" name="com.orhm.tesCases.TestCase" time="7.738" errors="0" timestamp="2023-11-21T10:40:44 IST" skipped="0">
  <testcase classname="com.orhm.tesCases.TestCase" name="logintest" time="7.738"/>
</testsuite> <!-- com.orhm.tesCases.TestCase -->
